<?xml version="1.0" encoding="UTF-8"?>
<!-- Generated by org.testng.reporters.JUnitReportReporter -->
<testsuite hostname="DESKTOP-C5RLTC4" failures="0" tests="1" name="com.itlearn.testcases.Testcase" time="0.008" errors="0" timestamp="2024-10-15T12:50:37 AEDT" skipped="0">
  <testcase classname="com.itlearn.testcases.Testcase" name="testcheck" time="0.008"/>
</testsuite> <!-- com.itlearn.testcases.Testcase -->
